<?xml version="1.0" encoding="UTF-8"?>
<robot generator="Robot 7.0 (Python 3.12.3 on win32)" generated="2024-04-19T20:08:06.513336" rpa="false" schemaversion="5">
<suite id="s1" name="Registration" source="C:\Projects\git\rf-ai-integration\robots\registration.robot">
<kw name="New Browser" owner="Browser" type="SETUP">
<msg time="2024-04-19T20:08:07.871599" level="INFO">{"browser": "chromium", "headless": false, "chromiumSandbox": false, "devtools": false, "handleSIGHUP": true, "handleSIGINT": true, "handleSIGTERM": true, "slowMo": 0.0, "timeout": 30000.0, "tracesDir": "C:\\Projects\\git\\rf-ai-integration\\browser\\traces\\4a50165e-0c1e-4360-91ca-11b40b7adaaf"}</msg>
<msg time="2024-04-19T20:08:08.467801" level="INFO">Successfully created browser with options: {"browser":"chromium","headless":false,"chromiumSandbox":false,"devtools":false,"handleSIGHUP":true,"handleSIGINT":true,"handleSIGTERM":true,"slowMo":0,"timeout":30000,"tracesDir":"C:\\Projects\\git\\rf-ai-integration\\browser\\traces\\4a50165e-0c1e-4360-91ca-11b40b7adaaf"}</msg>
<arg>chromium</arg>
<arg>No</arg>
<tag>BrowserControl</tag>
<tag>Setter</tag>
<doc>Create a new playwright Browser with specified options.</doc>
<status status="PASS" start="2024-04-19T20:08:07.871599" elapsed="0.596202"/>
</kw>
<test id="s1-t1" name="Valid Email Should Be Accepted" line="15">
<kw name="New Page" owner="Browser">
<msg time="2024-04-19T20:08:10.323550" level="INFO">Successfully initialized new page object and opened url: https://stage.artima.ai/Identity/Account/Register</msg>
<msg time="2024-04-19T20:08:10.323550" level="INFO">No context was open. New context was automatically opened when this page is created.</msg>
<arg>${BASE_URL}</arg>
<tag>BrowserControl</tag>
<tag>Setter</tag>
<doc>Open a new Page.</doc>
<status status="PASS" start="2024-04-19T20:08:08.473785" elapsed="1.850760"/>
</kw>
<kw name="Fill Text" owner="Browser">
<msg time="2024-04-19T20:08:10.325543" level="INFO">Fills the text 'user@example.com' in the given field.</msg>
<arg>${EMAIL_INPUT}</arg>
<arg>${VALID_EMAIL}</arg>
<tag>PageContent</tag>
<tag>Setter</tag>
<doc>Clears and fills the given ``txt`` into the text field found by ``selector``.</doc>
<status status="PASS" start="2024-04-19T20:08:10.324545" elapsed="0.076796"/>
</kw>
<kw name="Click" owner="Browser">
<msg time="2024-04-19T20:08:10.403335" level="INFO">Clicks the element 'css=button[type='submit']'.</msg>
<arg>${SUBMIT_BUTTON}</arg>
<tag>PageContent</tag>
<tag>Setter</tag>
<doc>Simulates mouse click on the element found by ``selector``.</doc>
<status status="PASS" start="2024-04-19T20:08:10.402338" elapsed="0.176716"/>
</kw>
<kw name="Email Submission Should Be Successful">
<kw name="Wait Until Page Is Ready">
<kw name="Wait For Condition" owner="Browser">
<msg time="2024-04-19T20:08:10.582043" level="FAIL">ValueError: Argument 'condition' got value 'return document.readyState == 'complete'' that cannot be converted to ConditionInputs: ConditionInputs does not have member 'return document.readyState == 'complete''. Available: 'attribute', 'attribute_names', 'bounding_box', 'browser_catalog', 'checkbox_state', 'classes', 'client_size', 'download_state', 'element_count', 'element_states', 'page_source', 'property', 'scroll_position', 'scroll_size', 'select_options', 'selected_options', 'style', 'table_cell_index', 'table_row_index', 'text', 'title', 'url' and 'viewport_size'</msg>
<arg>return document.readyState == 'complete'</arg>
<tag>PageContent</tag>
<tag>Wait</tag>
<doc>Waits for a condition, defined with Browser getter keywords to become True.</doc>
<status status="FAIL" start="2024-04-19T20:08:10.581046" elapsed="0.002993">ValueError: Argument 'condition' got value 'return document.readyState == 'complete'' that cannot be converted to ConditionInputs: ConditionInputs does not have member 'return document.readyState == 'complete''. Available: 'attribute', 'attribute_names', 'bounding_box', 'browser_catalog', 'checkbox_state', 'classes', 'client_size', 'download_state', 'element_count', 'element_states', 'page_source', 'property', 'scroll_position', 'scroll_size', 'select_options', 'selected_options', 'style', 'table_cell_index', 'table_row_index', 'text', 'title', 'url' and 'viewport_size'</status>
</kw>
<status status="FAIL" start="2024-04-19T20:08:10.581046" elapsed="0.002993">ValueError: Argument 'condition' got value 'return document.readyState == 'complete'' that cannot be converted to ConditionInputs: ConditionInputs does not have member 'return document.readyState == 'complete''. Available: 'attribute', 'attribute_names', 'bounding_box', 'browser_catalog', 'checkbox_state', 'classes', 'client_size', 'download_state', 'element_count', 'element_states', 'page_source', 'property', 'scroll_position', 'scroll_size', 'select_options', 'selected_options', 'style', 'table_cell_index', 'table_row_index', 'text', 'title', 'url' and 'viewport_size'</status>
</kw>
<status status="FAIL" start="2024-04-19T20:08:10.580048" elapsed="0.004988">ValueError: Argument 'condition' got value 'return document.readyState == 'complete'' that cannot be converted to ConditionInputs: ConditionInputs does not have member 'return document.readyState == 'complete''. Available: 'attribute', 'attribute_names', 'bounding_box', 'browser_catalog', 'checkbox_state', 'classes', 'client_size', 'download_state', 'element_count', 'element_states', 'page_source', 'property', 'scroll_position', 'scroll_size', 'select_options', 'selected_options', 'style', 'table_cell_index', 'table_row_index', 'text', 'title', 'url' and 'viewport_size'</status>
</kw>
<status status="FAIL" start="2024-04-19T20:08:08.468798" elapsed="2.116238">ValueError: Argument 'condition' got value 'return document.readyState == 'complete'' that cannot be converted to ConditionInputs: ConditionInputs does not have member 'return document.readyState == 'complete''. Available: 'attribute', 'attribute_names', 'bounding_box', 'browser_catalog', 'checkbox_state', 'classes', 'client_size', 'download_state', 'element_count', 'element_states', 'page_source', 'property', 'scroll_position', 'scroll_size', 'select_options', 'selected_options', 'style', 'table_cell_index', 'table_row_index', 'text', 'title', 'url' and 'viewport_size'</status>
</test>
<kw name="Close Page" owner="Browser" type="TEARDOWN">
<msg time="2024-04-19T20:08:10.729650" level="INFO">Switching browser to CURRENT</msg>
<msg time="2024-04-19T20:08:10.734638" level="INFO">Returned active browser id. CURRENT</msg>
<msg time="2024-04-19T20:08:10.736631" level="INFO">Switching browser to browser=994d2607-1861-49f1-b8ee-a12475b17372</msg>
<msg time="2024-04-19T20:08:10.742618" level="INFO">Successfully changed active browser: browser=994d2607-1861-49f1-b8ee-a12475b17372</msg>
<msg time="2024-04-19T20:08:10.742618" level="INFO">Switching context to CURRENT in CURRENT</msg>
<msg time="2024-04-19T20:08:10.746607" level="INFO">Returned info that no contexts are open</msg>
<tag>BrowserControl</tag>
<tag>Setter</tag>
<doc>Closes the ``page`` in ``context`` in ``browser``.</doc>
<status status="PASS" start="2024-04-19T20:08:10.724662" elapsed="0.021945"/>
</kw>
<status status="FAIL" start="2024-04-19T20:08:06.528299" elapsed="4.218308"/>
</suite>
<statistics>
<total>
<stat pass="0" fail="1" skip="0">All Tests</stat>
</total>
<tag>
</tag>
<suite>
<stat pass="0" fail="1" skip="0" id="s1" name="Registration">Registration</stat>
</suite>
</statistics>
<errors>
<msg time="2024-04-19T20:08:06.525302" level="ERROR">Taking listener 'RobotListenerV2.py' into use failed: Importing listener 'RobotListenerV2.py' failed: ModuleNotFoundError: No module named 'RobotListenerV2'
Traceback (most recent call last):
  None
PYTHONPATH:
  C:\Projects\git\rf-ai-integration\.venv\Scripts\robot.exe
  C:\Users\Luiz Satto\AppData\Local\Programs\Python\Python312\python312.zip
  C:\Users\Luiz Satto\AppData\Local\Programs\Python\Python312\DLLs
  C:\Users\Luiz Satto\AppData\Local\Programs\Python\Python312\Lib
  C:\Users\Luiz Satto\AppData\Local\Programs\Python\Python312
  c:\Projects\git\rf-ai-integration\.venv
  c:\Projects\git\rf-ai-integration\.venv\Lib\site-packages</msg>
</errors>
</robot>
